
----------------------------------------
  COUNTS AND CONTROLS REPORT - GROUP 3
----------------------------------------


       SALES and LAYAWAY SUMMARY----------------------------------------

Total number of S&L records       85Total amount of S&L records   $22,838.86

Total number of S records         69Total amount of S records     $19,619.01

Total number of L records         16Total amount of L records      $3,219.85

Store Transactions
Store  01              Total - $3,299.87
Store  02              Total - $5,199.77
Store  03              Total - $1,789.91
Store  04              Total - $1,489.95
Store  05              Total - $1,389.42
Store  12              Total - $9,669.94

Payment Percentages
Payment Type  CA                     26%
Payment Type  CR                     27%
Payment Type  DB                     47%

             RETURN SUMMARY----------------------------------------

Store Transactions and # of returns
Store  01   # of R - 4   Total - $169.96
Store  02   # of R - 5   Total - $224.96
Store  03   # of R - 0   Total -   $0.00
Store  04   # of R - 2   Total - $109.99
Store  05   # of R - 1   Total -  $24.99
Store  12   # of R - 3   Total -  $79.97

Total number of R records         15Total amount of R records        $609.87

            TOTAL SUMMARY----------------------------------------

Grand total of S&L without R  $22,228.99