

                                                    RETURNS PROCESSING REPORT                                         Page  1

Transaction Code        Amount        Payment Type        Store Number        Invoice Number        SKU Code        Tax Owing

       R                $24.99            CR                  01                 BD-500102      FLW8H4FW8H4FWF4         $3.24

       R                $24.99            CR                  01                 BC-200102      FLW8H4FW8H4FWF4         $3.24

       R                $29.99            DB                  01                 EB-230107      WI8HRW8H43FJSHF         $3.89

       R                $89.99            CR                  01                 EA-260110      WI8HRW8H43FJSHF        $11.69

       R                $24.99            CR                  02                 AE-390102      FLW8H4FW8H4FWF4         $3.24

       R                $29.99            CA                  02                 CE-510035      SDFSKJ84MS09123         $3.89

       R                $20.00            CA                  02                 EA-560215      SDFSKJ84MS09123         $2.60

       R                $24.99            CR                  02                 AE-630202      FLW8H4FW8H4FWF4         $3.24

       R               $124.99            CR                  02                 CD-740322      F4WO8JFO8W4JFW8        $16.24

       R                $89.99            CR                  04                 BE-101510      WI8HRW8H43FJSHF        $11.69

       R                $20.00            CA                  04                 DC-107515      SDFSKJ84MS09123         $2.60

       R                $24.99            CR                  05                 DC-114502      FLW8H4FW8H4FWF4         $3.24

       R                $29.99            CA                  12                 EC-126635      SDFSKJ84MS09123         $3.89

       R                $24.99            CR                  12                 AC-130612      ASEDRFT987KIMYT         $3.24

       R                $24.99            CR                  12                 CB-138602      FLW8H4FW8H4FWF4         $3.24


Number of S&L Records: 15
Number of Cash Payments:  4 (% 27)
Number of Credit Payments: 10 (% 67)
Number of Debit Payments:  1 (%  7)
Total Tax Owing:     $79.17
Store with highest R: 02
Store with lowest R: 03